<?xml version="1.0" encoding="UTF-8"?>
<!-- Generated by org.testng.reporters.JUnitXMLReporter -->
<testsuite hostname="MohamedAteif" name="Default test" tests="16" failures="0" timestamp="11 Nov 2019 21:17:21 GMT" time="88.704" errors="0">
  <testcase name="createNewUserButton" time="2.806" classname="RegisteringNewCustomer.RegisterCustomerTestCases"/>
  <testcase name="registerationHappyPath" time="12.0" classname="RegisteringNewCustomer.RegisterCustomerTestCases"/>
  <testcase name="registerationWithNotEmailString" time="2.371" classname="RegisteringNewCustomer.RegisterCustomerTestCases"/>
  <testcase name="registerationWithEmptyEmailField" time="2.168" classname="RegisteringNewCustomer.RegisterCustomerTestCases"/>
  <testcase name="registerationWithEmptyPassword" time="2.853" classname="RegisteringNewCustomer.RegisterCustomerTestCases"/>
  <testcase name="registerationWithEmptyPasswordConfirmationField" time="2.78" classname="RegisteringNewCustomer.RegisterCustomerTestCases"/>
  <testcase name="registerationWithEmptyPasswordAndEmptyConfirmation" time="2.676" classname="RegisteringNewCustomer.RegisterCustomerTestCases"/>
  <testcase name="registerationWithFiveCharchtersPassword" time="3.102" classname="RegisteringNewCustomer.RegisterCustomerTestCases"/>
  <testcase name="registerationWithFiftyOneCharchtersPassword" time="6.629" classname="RegisteringNewCustomer.RegisterCustomerTestCases"/>
  <testcase name="registerationWithOnlyLettersPassword" time="5.52" classname="RegisteringNewCustomer.RegisterCustomerTestCases"/>
  <testcase name="registerationWithOnlyNumbersPassword" time="5.732" classname="RegisteringNewCustomer.RegisterCustomerTestCases"/>
  <testcase name="registerationWithOnlySpecialCharchtersPassword" time="5.757" classname="RegisteringNewCustomer.RegisterCustomerTestCases"/>
  <testcase name="registerationWithPasswordSimilarToEmail" time="5.477" classname="RegisteringNewCustomer.RegisterCustomerTestCases"/>
  <testcase name="registerationWithPreviouslyUsedEmail" time="5.833" classname="RegisteringNewCustomer.RegisterCustomerTestCases"/>
  <testcase name="registerationWithEasyToGuessPassword" time="5.897" classname="RegisteringNewCustomer.RegisterCustomerTestCases"/>
  <testcase name="registerationTermsOfUseAndPrivacy" time="4.355" classname="RegisteringNewCustomer.RegisterCustomerTestCases"/>
</testsuite> <!-- Default test -->
