<?xml version="1.0" encoding="UTF-8"?>
<testng-results skipped="0" failed="0" total="1" passed="1">
  <reporter-output>
  </reporter-output>
  <suite name="Default suite" duration-ms="6745" started-at="2019-11-09T17:37:56Z" finished-at="2019-11-09T17:38:03Z">
    <groups>
    </groups>
    <test name="Default test" duration-ms="6745" started-at="2019-11-09T17:37:56Z" finished-at="2019-11-09T17:38:03Z">
      <class name="RegisteringNewCustomer.RegisterCustomerTestCases">
        <test-method status="PASS" signature="setUp()[pri:0, instance:RegisteringNewCustomer.RegisterCustomerTestCases@5136d012]" name="setUp" is-config="true" duration-ms="6010" started-at="2019-11-09T19:37:56Z" finished-at="2019-11-09T19:38:02Z">
          <reporter-output>
          </reporter-output>
        </test-method> <!-- setUp -->
        <test-method status="PASS" signature="oneMoreTest()[pri:0, instance:RegisteringNewCustomer.RegisterCustomerTestCases@5136d012]" name="oneMoreTest" duration-ms="1" started-at="2019-11-09T19:38:02Z" finished-at="2019-11-09T19:38:02Z">
          <reporter-output>
          </reporter-output>
        </test-method> <!-- oneMoreTest -->
        <test-method status="PASS" signature="tearDown()[pri:0, instance:RegisteringNewCustomer.RegisterCustomerTestCases@5136d012]" name="tearDown" is-config="true" duration-ms="728" started-at="2019-11-09T19:38:02Z" finished-at="2019-11-09T19:38:03Z">
          <reporter-output>
          </reporter-output>
        </test-method> <!-- tearDown -->
      </class> <!-- RegisteringNewCustomer.RegisterCustomerTestCases -->
    </test> <!-- Default test -->
  </suite> <!-- Default suite -->
</testng-results>
