<?xml version="1.0" encoding="UTF-8"?>
<testsuite xmlns:xsi="http://www.w3.org/2001/XMLSchema-instance" xsi:noNamespaceSchemaLocation="https://maven.apache.org/surefire/maven-surefire-plugin/xsd/surefire-test-report-3.0.xsd" version="3.0" name="TestSuite" time="131.122" tests="17" errors="0" skipped="0" failures="0">
  <properties>
[...]
</properties>
  <testcase name="createNewUserButton" classname="RegisteringNewCustomer.RegisterCustomerTestCases" time="2.807"/>
  <testcase name="registerationHappyPath" classname="RegisteringNewCustomer.RegisterCustomerTestCases" time="11.998"/>
  <testcase name="registerationWithNotEmailString" classname="RegisteringNewCustomer.RegisterCustomerTestCases" time="2.37"/>
  <testcase name="registerationWithEmptyEmailField" classname="RegisteringNewCustomer.RegisterCustomerTestCases" time="2.167"/>
  <testcase name="registerationWithEmptyPassword" classname="RegisteringNewCustomer.RegisterCustomerTestCases" time="2.854"/>
  <testcase name="registerationWithEmptyPasswordConfirmationField" classname="RegisteringNewCustomer.RegisterCustomerTestCases" time="2.78"/>
  <testcase name="registerationWithEmptyPasswordAndEmptyConfirmation" classname="RegisteringNewCustomer.RegisterCustomerTestCases" time="2.677"/>
  <testcase name="registerationWithFiveCharchtersPassword" classname="RegisteringNewCustomer.RegisterCustomerTestCases" time="3.102"/>
  <testcase name="registerationWithFiftyOneCharchtersPassword" classname="RegisteringNewCustomer.RegisterCustomerTestCases" time="6.628"/>
  <testcase name="registerationWithOnlyLettersPassword" classname="RegisteringNewCustomer.RegisterCustomerTestCases" time="5.52"/>
  <testcase name="registerationWithOnlyNumbersPassword" classname="RegisteringNewCustomer.RegisterCustomerTestCases" time="5.733"/>
  <testcase name="registerationWithOnlySpecialCharchtersPassword" classname="RegisteringNewCustomer.RegisterCustomerTestCases" time="5.757"/>
  <testcase name="registerationWithPasswordSimilarToEmail" classname="RegisteringNewCustomer.RegisterCustomerTestCases" time="5.477"/>
  <testcase name="registerationWithPreviouslyUsedEmail" classname="RegisteringNewCustomer.RegisterCustomerTestCases" time="5.833"/>
  <testcase name="registerationWithEasyToGuessPassword" classname="RegisteringNewCustomer.RegisterCustomerTestCases" time="5.897"/>
  <testcase name="registerationTermsOfUseAndPrivacy" classname="RegisteringNewCustomer.RegisterCustomerTestCases" time="4.356"/>
  <testcase name="searchForFlight" classname="TravelSearch.TravelSearchTestCases" time="25.248"/>
</testsuite>