<?xml version="1.0" encoding="UTF-8"?>
<testsuite xmlns:xsi="http://www.w3.org/2001/XMLSchema-instance" xsi:noNamespaceSchemaLocation="https://maven.apache.org/surefire/maven-surefire-plugin/xsd/surefire-test-report-3.0.xsd" version="3.0" name="TestSuite" time="107.326" tests="17" errors="0" skipped="0" failures="4">
  <properties>
[...]
</properties>
  <testcase name="createNewUserButton" classname="RegisteringNewCustomer.RegisterCustomerTestCases" time="2.28"/>
  <testcase name="registerationHappyPath" classname="RegisteringNewCustomer.RegisterCustomerTestCases" time="11.272"/>
  <testcase name="registerationWithNotEmailString" classname="RegisteringNewCustomer.RegisterCustomerTestCases" time="1.914">
    <failure message="expected [Bitte geben Sie eine gültige E-Mail-Adresse an.] but found [Bitte geben Sie eine gÃ¼ltige E-Mail-Adresse an.]" type="java.lang.AssertionError">java.lang.AssertionError: expected [Bitte geben Sie eine gültige E-Mail-Adresse an.] but found [Bitte geben Sie eine gÃ¼ltige E-Mail-Adresse an.]
	at RegisteringNewCustomer.RegisterCustomerTestCases.registerationWithNotEmailString(RegisterCustomerTestCases.java:304)
</failure>
  </testcase>
  <testcase name="registerationWithEmptyEmailField" classname="RegisteringNewCustomer.RegisterCustomerTestCases" time="1.787"/>
  <testcase name="registerationWithEmptyPassword" classname="RegisteringNewCustomer.RegisterCustomerTestCases" time="2.313">
    <failure message="expected [Die Passwörter stimmen nicht überein.] but found [Die PasswÃ¶rter stimmen nicht Ã¼berein.]" type="java.lang.AssertionError">java.lang.AssertionError: expected [Die Passwörter stimmen nicht überein.] but found [Die PasswÃ¶rter stimmen nicht Ã¼berein.]
	at RegisteringNewCustomer.RegisterCustomerTestCases.registerationWithEmptyPassword(RegisterCustomerTestCases.java:394)
</failure>
  </testcase>
  <testcase name="registerationWithEmptyPasswordConfirmationField" classname="RegisteringNewCustomer.RegisterCustomerTestCases" time="2.799">
    <failure message="expected [Die Passwörter stimmen nicht überein.] but found [Die PasswÃ¶rter stimmen nicht Ã¼berein.]" type="java.lang.AssertionError">java.lang.AssertionError: expected [Die Passwörter stimmen nicht überein.] but found [Die PasswÃ¶rter stimmen nicht Ã¼berein.]
	at RegisteringNewCustomer.RegisterCustomerTestCases.registerationWithEmptyPasswordConfirmationField(RegisterCustomerTestCases.java:428)
</failure>
  </testcase>
  <testcase name="registerationWithEmptyPasswordAndEmptyConfirmation" classname="RegisteringNewCustomer.RegisterCustomerTestCases" time="2.118"/>
  <testcase name="registerationWithFiveCharchtersPassword" classname="RegisteringNewCustomer.RegisterCustomerTestCases" time="2.518"/>
  <testcase name="registerationWithFiftyOneCharchtersPassword" classname="RegisteringNewCustomer.RegisterCustomerTestCases" time="5.211"/>
  <testcase name="registerationWithOnlyLettersPassword" classname="RegisteringNewCustomer.RegisterCustomerTestCases" time="4.767"/>
  <testcase name="registerationWithOnlyNumbersPassword" classname="RegisteringNewCustomer.RegisterCustomerTestCases" time="4.759"/>
  <testcase name="registerationWithOnlySpecialCharchtersPassword" classname="RegisteringNewCustomer.RegisterCustomerTestCases" time="4.673"/>
  <testcase name="registerationWithPasswordSimilarToEmail" classname="RegisteringNewCustomer.RegisterCustomerTestCases" time="4.463"/>
  <testcase name="registerationWithPreviouslyUsedEmail" classname="RegisteringNewCustomer.RegisterCustomerTestCases" time="4.439"/>
  <testcase name="registerationWithEasyToGuessPassword" classname="RegisteringNewCustomer.RegisterCustomerTestCases" time="5.325"/>
  <testcase name="registerationTermsOfUseAndPrivacy" classname="RegisteringNewCustomer.RegisterCustomerTestCases" time="4.207"/>
  <testcase name="searchForFlight" classname="TravelSearch.TravelSearchTestCases" time="13.486">
    <failure message="For input string: &quot;&quot;" type="java.lang.NumberFormatException">java.lang.NumberFormatException: For input string: ""
	at TravelSearch.TravelSearchTestCases.searchForFlight(TravelSearchTestCases.java:93)
</failure>
    <system-out><![CDATA[PASSED: createNewUserButton
PASSED: registerationHappyPath
PASSED: registerationWithEmptyEmailField
PASSED: registerationWithEmptyPasswordAndEmptyConfirmation
PASSED: registerationWithFiveCharchtersPassword
PASSED: registerationWithFiftyOneCharchtersPassword
PASSED: registerationWithOnlyLettersPassword
PASSED: registerationWithOnlyNumbersPassword
PASSED: registerationWithOnlySpecialCharchtersPassword
PASSED: registerationWithPasswordSimilarToEmail
PASSED: registerationWithPreviouslyUsedEmail
PASSED: registerationWithEasyToGuessPassword
PASSED: registerationTermsOfUseAndPrivacy
FAILED: registerationWithNotEmailString
java.lang.AssertionError: expected [Bitte geben Sie eine gültige E-Mail-Adresse an.] but found [Bitte geben Sie eine gÃ¼ltige E-Mail-Adresse an.]
	at org.testng.Assert.fail(Assert.java:94)
	at org.testng.Assert.failNotEquals(Assert.java:494)
	at org.testng.Assert.assertEquals(Assert.java:123)
	at org.testng.Assert.assertEquals(Assert.java:176)
	at org.testng.Assert.assertEquals(Assert.java:186)
	at RegisteringNewCustomer.RegisterCustomerTestCases.registerationWithNotEmailString(RegisterCustomerTestCases.java:304)
	at sun.reflect.NativeMethodAccessorImpl.invoke0(Native Method)
	at sun.reflect.NativeMethodAccessorImpl.invoke(NativeMethodAccessorImpl.java:62)
	at sun.reflect.DelegatingMethodAccessorImpl.invoke(DelegatingMethodAccessorImpl.java:43)
	at java.lang.reflect.Method.invoke(Method.java:498)
	at org.testng.internal.MethodInvocationHelper.invokeMethod(MethodInvocationHelper.java:84)
	at org.testng.internal.Invoker.invokeMethod(Invoker.java:714)
	at org.testng.internal.Invoker.invokeTestMethod(Invoker.java:901)
	at org.testng.internal.Invoker.invokeTestMethods(Invoker.java:1231)
	at org.testng.internal.TestMethodWorker.invokeTestMethods(TestMethodWorker.java:127)
	at org.testng.internal.TestMethodWorker.run(TestMethodWorker.java:111)
	at org.testng.TestRunner.privateRun(TestRunner.java:767)
	at org.testng.TestRunner.run(TestRunner.java:617)
	at org.testng.SuiteRunner.runTest(SuiteRunner.java:348)
	at org.testng.SuiteRunner.runSequentially(SuiteRunner.java:343)
	at org.testng.SuiteRunner.privateRun(SuiteRunner.java:305)
	at org.testng.SuiteRunner.run(SuiteRunner.java:254)
	at org.testng.SuiteRunnerWorker.runSuite(SuiteRunnerWorker.java:52)
	at org.testng.SuiteRunnerWorker.run(SuiteRunnerWorker.java:86)
	at org.testng.TestNG.runSuitesSequentially(TestNG.java:1224)
	at org.testng.TestNG.runSuitesLocally(TestNG.java:1149)
	at org.testng.TestNG.run(TestNG.java:1057)
	at org.apache.maven.surefire.testng.TestNGExecutor.run(TestNGExecutor.java:283)
	at org.apache.maven.surefire.testng.TestNGXmlTestSuite.execute(TestNGXmlTestSuite.java:75)
	at org.apache.maven.surefire.testng.TestNGProvider.invoke(TestNGProvider.java:120)
	at org.apache.maven.surefire.booter.ForkedBooter.invokeProviderInSameClassLoader(ForkedBooter.java:384)
	at org.apache.maven.surefire.booter.ForkedBooter.runSuitesInProcess(ForkedBooter.java:345)
	at org.apache.maven.surefire.booter.ForkedBooter.execute(ForkedBooter.java:126)
	at org.apache.maven.surefire.booter.ForkedBooter.main(ForkedBooter.java:418)

FAILED: registerationWithEmptyPassword
java.lang.AssertionError: expected [Die Passwörter stimmen nicht überein.] but found [Die PasswÃ¶rter stimmen nicht Ã¼berein.]
	at org.testng.Assert.fail(Assert.java:94)
	at org.testng.Assert.failNotEquals(Assert.java:494)
	at org.testng.Assert.assertEquals(Assert.java:123)
	at org.testng.Assert.assertEquals(Assert.java:176)
	at org.testng.Assert.assertEquals(Assert.java:186)
	at CommenUsedMethods.CommenMethods.Verify(CommenMethods.java:157)
	at RegisteringNewCustomer.RegisterCustomerTestCases.registerationWithEmptyPassword(RegisterCustomerTestCases.java:394)
	at sun.reflect.NativeMethodAccessorImpl.invoke0(Native Method)
	at sun.reflect.NativeMethodAccessorImpl.invoke(NativeMethodAccessorImpl.java:62)
	at sun.reflect.DelegatingMethodAccessorImpl.invoke(DelegatingMethodAccessorImpl.java:43)
	at java.lang.reflect.Method.invoke(Method.java:498)
	at org.testng.internal.MethodInvocationHelper.invokeMethod(MethodInvocationHelper.java:84)
	at org.testng.internal.Invoker.invokeMethod(Invoker.java:714)
	at org.testng.internal.Invoker.invokeTestMethod(Invoker.java:901)
	at org.testng.internal.Invoker.invokeTestMethods(Invoker.java:1231)
	at org.testng.internal.TestMethodWorker.invokeTestMethods(TestMethodWorker.java:127)
	at org.testng.internal.TestMethodWorker.run(TestMethodWorker.java:111)
	at org.testng.TestRunner.privateRun(TestRunner.java:767)
	at org.testng.TestRunner.run(TestRunner.java:617)
	at org.testng.SuiteRunner.runTest(SuiteRunner.java:348)
	at org.testng.SuiteRunner.runSequentially(SuiteRunner.java:343)
	at org.testng.SuiteRunner.privateRun(SuiteRunner.java:305)
	at org.testng.SuiteRunner.run(SuiteRunner.java:254)
	at org.testng.SuiteRunnerWorker.runSuite(SuiteRunnerWorker.java:52)
	at org.testng.SuiteRunnerWorker.run(SuiteRunnerWorker.java:86)
	at org.testng.TestNG.runSuitesSequentially(TestNG.java:1224)
	at org.testng.TestNG.runSuitesLocally(TestNG.java:1149)
	at org.testng.TestNG.run(TestNG.java:1057)
	at org.apache.maven.surefire.testng.TestNGExecutor.run(TestNGExecutor.java:283)
	at org.apache.maven.surefire.testng.TestNGXmlTestSuite.execute(TestNGXmlTestSuite.java:75)
	at org.apache.maven.surefire.testng.TestNGProvider.invoke(TestNGProvider.java:120)
	at org.apache.maven.surefire.booter.ForkedBooter.invokeProviderInSameClassLoader(ForkedBooter.java:384)
	at org.apache.maven.surefire.booter.ForkedBooter.runSuitesInProcess(ForkedBooter.java:345)
	at org.apache.maven.surefire.booter.ForkedBooter.execute(ForkedBooter.java:126)
	at org.apache.maven.surefire.booter.ForkedBooter.main(ForkedBooter.java:418)

FAILED: registerationWithEmptyPasswordConfirmationField
java.lang.AssertionError: expected [Die Passwörter stimmen nicht überein.] but found [Die PasswÃ¶rter stimmen nicht Ã¼berein.]
	at org.testng.Assert.fail(Assert.java:94)
	at org.testng.Assert.failNotEquals(Assert.java:494)
	at org.testng.Assert.assertEquals(Assert.java:123)
	at org.testng.Assert.assertEquals(Assert.java:176)
	at org.testng.Assert.assertEquals(Assert.java:186)
	at CommenUsedMethods.CommenMethods.Verify(CommenMethods.java:157)
	at RegisteringNewCustomer.RegisterCustomerTestCases.registerationWithEmptyPasswordConfirmationField(RegisterCustomerTestCases.java:428)
	at sun.reflect.NativeMethodAccessorImpl.invoke0(Native Method)
	at sun.reflect.NativeMethodAccessorImpl.invoke(NativeMethodAccessorImpl.java:62)
	at sun.reflect.DelegatingMethodAccessorImpl.invoke(DelegatingMethodAccessorImpl.java:43)
	at java.lang.reflect.Method.invoke(Method.java:498)
	at org.testng.internal.MethodInvocationHelper.invokeMethod(MethodInvocationHelper.java:84)
	at org.testng.internal.Invoker.invokeMethod(Invoker.java:714)
	at org.testng.internal.Invoker.invokeTestMethod(Invoker.java:901)
	at org.testng.internal.Invoker.invokeTestMethods(Invoker.java:1231)
	at org.testng.internal.TestMethodWorker.invokeTestMethods(TestMethodWorker.java:127)
	at org.testng.internal.TestMethodWorker.run(TestMethodWorker.java:111)
	at org.testng.TestRunner.privateRun(TestRunner.java:767)
	at org.testng.TestRunner.run(TestRunner.java:617)
	at org.testng.SuiteRunner.runTest(SuiteRunner.java:348)
	at org.testng.SuiteRunner.runSequentially(SuiteRunner.java:343)
	at org.testng.SuiteRunner.privateRun(SuiteRunner.java:305)
	at org.testng.SuiteRunner.run(SuiteRunner.java:254)
	at org.testng.SuiteRunnerWorker.runSuite(SuiteRunnerWorker.java:52)
	at org.testng.SuiteRunnerWorker.run(SuiteRunnerWorker.java:86)
	at org.testng.TestNG.runSuitesSequentially(TestNG.java:1224)
	at org.testng.TestNG.runSuitesLocally(TestNG.java:1149)
	at org.testng.TestNG.run(TestNG.java:1057)
	at org.apache.maven.surefire.testng.TestNGExecutor.run(TestNGExecutor.java:283)
	at org.apache.maven.surefire.testng.TestNGXmlTestSuite.execute(TestNGXmlTestSuite.java:75)
	at org.apache.maven.surefire.testng.TestNGProvider.invoke(TestNGProvider.java:120)
	at org.apache.maven.surefire.booter.ForkedBooter.invokeProviderInSameClassLoader(ForkedBooter.java:384)
	at org.apache.maven.surefire.booter.ForkedBooter.runSuitesInProcess(ForkedBooter.java:345)
	at org.apache.maven.surefire.booter.ForkedBooter.execute(ForkedBooter.java:126)
	at org.apache.maven.surefire.booter.ForkedBooter.main(ForkedBooter.java:418)


===============================================
    Default test
    Tests run: 16, Failures: 3, Skips: 0
===============================================

CM.baseUrlhttps://www.check24.de
]]></system-out>
    <system-err><![CDATA[Starting ChromeDriver 72.0.3626.69 (3c16f8a135abc0d4da2dff33804db79b849a7c38) on port 33789
Only local connections are allowed.
Please protect ports used by ChromeDriver and related test frameworks to prevent access by malicious code.
[1573578737.857][WARNING]: Timed out connecting to Chrome, retrying...
Nov 12, 2019 7:12:19 PM org.openqa.selenium.remote.ProtocolHandshake createSession
INFO: Detected dialect: OSS
]]></system-err>
  </testcase>
</testsuite>